<?xml version="1.0" encoding="UTF-8"?>
<testng-results ignored="0" total="1" passed="1" failed="0" skipped="0">
  <reporter-output>
  </reporter-output>
  <suite started-at="2023-09-11T04:46:08 CST" name="Default suite" finished-at="2023-09-11T04:46:32 CST" duration-ms="23912">
    <groups>
    </groups>
    <test started-at="2023-09-11T04:46:08 CST" name="Default test" finished-at="2023-09-11T04:46:32 CST" duration-ms="23912">
      <class name="Download">
        <test-method is-config="true" signature="setup()[pri:0, instance:Download@19bb07ed]" started-at="2023-09-11T04:46:08 CST" name="setup" finished-at="2023-09-11T04:46:11 CST" duration-ms="2926" status="PASS">
          <reporter-output>
          </reporter-output>
        </test-method> <!-- setup -->
        <test-method signature="login()[pri:0, instance:Download@19bb07ed]" started-at="2023-09-11T04:46:11 CST" name="login" finished-at="2023-09-11T04:46:32 CST" duration-ms="20946" status="PASS">
          <reporter-output>
          </reporter-output>
        </test-method> <!-- login -->
      </class> <!-- Download -->
    </test> <!-- Default test -->
  </suite> <!-- Default suite -->
</testng-results>
